{"timestamp":"2025-06-03T08:44:01.824463","level":"info","event":"DAG bundles loaded: dags-folder","logger":"airflow.dag_processing.bundles.manager.DagBundlesManager"}
{"timestamp":"2025-06-03T08:44:01.825283","level":"info","event":"Filling up the DagBag from /opt/airflow/dags/consumer_dag.py","logger":"airflow.models.dagbag.DagBag"}
{"timestamp":"2025-06-03T08:44:01.995018","level":"info","event":"Secrets backends loaded for worker","count":1,"backend_classes":["EnvironmentVariablesBackend"],"logger":"supervisor"}
{"timestamp":"2025-06-03T08:44:02.022537","level":"info","event":"Connection Retrieved 'aws_default'","logger":"airflow.hooks.base"}
{"timestamp":"2025-06-03T08:44:02.022765","level":"info","event":"AWS Connection (conn_id='aws_default', conn_type='aws') credentials retrieved from login and password.","logger":"airflow.providers.amazon.aws.utils.connection_wrapper.AwsConnectionWrapper"}
{"timestamp":"2025-06-03T08:44:02.346276","level":"info","event":"SqsSensor checking for message on queue: data-processing-queue","logger":"airflow.task.operators.airflow.providers.amazon.aws.sensors.sqs.SqsSensor"}
{"timestamp":"2025-06-03T08:44:04.297231","level":"info","event":"Rescheduling task, marking task as UP_FOR_RESCHEDULE","logger":"task"}
{"timestamp":"2025-06-03T08:44:35.189777","level":"info","event":"DAG bundles loaded: dags-folder","logger":"airflow.dag_processing.bundles.manager.DagBundlesManager"}
{"timestamp":"2025-06-03T08:44:35.190471","level":"info","event":"Filling up the DagBag from /opt/airflow/dags/consumer_dag.py","logger":"airflow.models.dagbag.DagBag"}
{"timestamp":"2025-06-03T08:44:35.324336","level":"info","event":"Secrets backends loaded for worker","count":1,"backend_classes":["EnvironmentVariablesBackend"],"logger":"supervisor"}
{"timestamp":"2025-06-03T08:44:35.331307","level":"info","event":"Connection Retrieved 'aws_default'","logger":"airflow.hooks.base"}
{"timestamp":"2025-06-03T08:44:35.331480","level":"info","event":"AWS Connection (conn_id='aws_default', conn_type='aws') credentials retrieved from login and password.","logger":"airflow.providers.amazon.aws.utils.connection_wrapper.AwsConnectionWrapper"}
{"timestamp":"2025-06-03T08:44:35.625591","level":"info","event":"SqsSensor checking for message on queue: data-processing-queue","logger":"airflow.task.operators.airflow.providers.amazon.aws.sensors.sqs.SqsSensor"}
{"timestamp":"2025-06-03T08:44:37.571324","level":"info","event":"Rescheduling task, marking task as UP_FOR_RESCHEDULE","logger":"task"}
{"timestamp":"2025-06-03T08:45:08.041887","level":"info","event":"DAG bundles loaded: dags-folder","logger":"airflow.dag_processing.bundles.manager.DagBundlesManager"}
{"timestamp":"2025-06-03T08:45:08.042458","level":"info","event":"Filling up the DagBag from /opt/airflow/dags/consumer_dag.py","logger":"airflow.models.dagbag.DagBag"}
{"timestamp":"2025-06-03T08:45:08.182370","level":"info","event":"Secrets backends loaded for worker","count":1,"backend_classes":["EnvironmentVariablesBackend"],"logger":"supervisor"}
{"timestamp":"2025-06-03T08:45:08.189361","level":"info","event":"Connection Retrieved 'aws_default'","logger":"airflow.hooks.base"}
{"timestamp":"2025-06-03T08:45:08.189685","level":"info","event":"AWS Connection (conn_id='aws_default', conn_type='aws') credentials retrieved from login and password.","logger":"airflow.providers.amazon.aws.utils.connection_wrapper.AwsConnectionWrapper"}
{"timestamp":"2025-06-03T08:45:08.480584","level":"info","event":"SqsSensor checking for message on queue: data-processing-queue","logger":"airflow.task.operators.airflow.providers.amazon.aws.sensors.sqs.SqsSensor"}
{"timestamp":"2025-06-03T08:45:09.516843","level":"info","event":"Received 1 messages","logger":"airflow.providers.amazon.aws.utils.sqs"}
{"timestamp":"2025-06-03T08:45:09.517014","level":"info","event":"Deleting 1 messages","logger":"airflow.task.operators.airflow.providers.amazon.aws.sensors.sqs.SqsSensor"}
{"timestamp":"2025-06-03T08:45:09.746543","level":"info","event":"Success criteria met. Exiting.","logger":"airflow.task.operators.airflow.providers.amazon.aws.sensors.sqs.SqsSensor"}
