{"timestamp":"2025-06-03T07:38:46.432689","level":"info","event":"DAG bundles loaded: dags-folder","logger":"airflow.dag_processing.bundles.manager.DagBundlesManager"}
{"timestamp":"2025-06-03T07:38:46.433136","level":"info","event":"Filling up the DagBag from /opt/airflow/dags/consumer_dag.py","logger":"airflow.models.dagbag.DagBag"}
{"timestamp":"2025-06-03T07:38:46.543516","level":"info","event":"Secrets backends loaded for worker","count":1,"backend_classes":["EnvironmentVariablesBackend"],"logger":"supervisor"}
{"timestamp":"2025-06-03T07:38:46.561952","level":"info","event":"Connection Retrieved 'aws_default'","logger":"airflow.hooks.base"}
{"timestamp":"2025-06-03T07:38:46.562118","level":"info","event":"AWS Connection (conn_id='aws_default', conn_type='aws') credentials retrieved from login and password.","logger":"airflow.providers.amazon.aws.utils.connection_wrapper.AwsConnectionWrapper"}
{"timestamp":"2025-06-03T07:38:46.839855","level":"info","event":"SqsSensor checking for message on queue: data-processing-queue","logger":"airflow.task.operators.airflow.providers.amazon.aws.sensors.sqs.SqsSensor"}
{"timestamp":"2025-06-03T07:38:48.888945","level":"info","event":"Rescheduling task, marking task as UP_FOR_RESCHEDULE","logger":"task"}
{"timestamp":"2025-06-03T07:39:19.246805","level":"info","event":"DAG bundles loaded: dags-folder","logger":"airflow.dag_processing.bundles.manager.DagBundlesManager"}
{"timestamp":"2025-06-03T07:39:19.247276","level":"info","event":"Filling up the DagBag from /opt/airflow/dags/consumer_dag.py","logger":"airflow.models.dagbag.DagBag"}
{"timestamp":"2025-06-03T07:39:19.370707","level":"info","event":"Secrets backends loaded for worker","count":1,"backend_classes":["EnvironmentVariablesBackend"],"logger":"supervisor"}
{"timestamp":"2025-06-03T07:39:19.380435","level":"info","event":"Connection Retrieved 'aws_default'","logger":"airflow.hooks.base"}
{"timestamp":"2025-06-03T07:39:19.380808","level":"info","event":"AWS Connection (conn_id='aws_default', conn_type='aws') credentials retrieved from login and password.","logger":"airflow.providers.amazon.aws.utils.connection_wrapper.AwsConnectionWrapper"}
{"timestamp":"2025-06-03T07:39:19.647162","level":"info","event":"SqsSensor checking for message on queue: data-processing-queue","logger":"airflow.task.operators.airflow.providers.amazon.aws.sensors.sqs.SqsSensor"}
{"timestamp":"2025-06-03T07:39:21.787021","level":"info","event":"Rescheduling task, marking task as UP_FOR_RESCHEDULE","logger":"task"}
{"timestamp":"2025-06-03T07:39:52.607056","level":"info","event":"DAG bundles loaded: dags-folder","logger":"airflow.dag_processing.bundles.manager.DagBundlesManager"}
{"timestamp":"2025-06-03T07:39:52.607688","level":"info","event":"Filling up the DagBag from /opt/airflow/dags/consumer_dag.py","logger":"airflow.models.dagbag.DagBag"}
{"timestamp":"2025-06-03T07:39:52.735854","level":"info","event":"Secrets backends loaded for worker","count":1,"backend_classes":["EnvironmentVariablesBackend"],"logger":"supervisor"}
{"timestamp":"2025-06-03T07:39:52.742248","level":"info","event":"Connection Retrieved 'aws_default'","logger":"airflow.hooks.base"}
{"timestamp":"2025-06-03T07:39:52.742407","level":"info","event":"AWS Connection (conn_id='aws_default', conn_type='aws') credentials retrieved from login and password.","logger":"airflow.providers.amazon.aws.utils.connection_wrapper.AwsConnectionWrapper"}
{"timestamp":"2025-06-03T07:39:52.997813","level":"info","event":"SqsSensor checking for message on queue: data-processing-queue","logger":"airflow.task.operators.airflow.providers.amazon.aws.sensors.sqs.SqsSensor"}
{"timestamp":"2025-06-03T07:39:54.178904","level":"info","event":"Received 2 messages","logger":"airflow.providers.amazon.aws.utils.sqs"}
{"timestamp":"2025-06-03T07:39:54.179072","level":"info","event":"Deleting 2 messages","logger":"airflow.task.operators.airflow.providers.amazon.aws.sensors.sqs.SqsSensor"}
{"timestamp":"2025-06-03T07:39:54.420792","level":"info","event":"Success criteria met. Exiting.","logger":"airflow.task.operators.airflow.providers.amazon.aws.sensors.sqs.SqsSensor"}
