{"timestamp":"2025-06-03T08:43:45.894189","level":"info","event":"DAG bundles loaded: dags-folder","logger":"airflow.dag_processing.bundles.manager.DagBundlesManager"}
{"timestamp":"2025-06-03T08:43:45.894841","level":"info","event":"Filling up the DagBag from /opt/airflow/dags/consumer_dag.py","logger":"airflow.models.dagbag.DagBag"}
{"timestamp":"2025-06-03T08:43:46.009253","level":"info","event":"Secrets backends loaded for worker","count":1,"backend_classes":["EnvironmentVariablesBackend"],"logger":"supervisor"}
{"timestamp":"2025-06-03T08:43:46.030368","level":"info","event":"Connection Retrieved 'aws_default'","logger":"airflow.hooks.base"}
{"timestamp":"2025-06-03T08:43:46.030578","level":"info","event":"AWS Connection (conn_id='aws_default', conn_type='aws') credentials retrieved from login and password.","logger":"airflow.providers.amazon.aws.utils.connection_wrapper.AwsConnectionWrapper"}
{"timestamp":"2025-06-03T08:43:46.318410","level":"info","event":"SqsSensor checking for message on queue: data-processing-queue","logger":"airflow.task.operators.airflow.providers.amazon.aws.sensors.sqs.SqsSensor"}
{"timestamp":"2025-06-03T08:43:48.302278","level":"info","event":"Rescheduling task, marking task as UP_FOR_RESCHEDULE","logger":"task"}
{"timestamp":"2025-06-03T08:44:18.749186","level":"info","event":"DAG bundles loaded: dags-folder","logger":"airflow.dag_processing.bundles.manager.DagBundlesManager"}
{"timestamp":"2025-06-03T08:44:18.749751","level":"info","event":"Filling up the DagBag from /opt/airflow/dags/consumer_dag.py","logger":"airflow.models.dagbag.DagBag"}
{"timestamp":"2025-06-03T08:44:18.884998","level":"info","event":"Secrets backends loaded for worker","count":1,"backend_classes":["EnvironmentVariablesBackend"],"logger":"supervisor"}
{"timestamp":"2025-06-03T08:44:18.892703","level":"info","event":"Connection Retrieved 'aws_default'","logger":"airflow.hooks.base"}
{"timestamp":"2025-06-03T08:44:18.892863","level":"info","event":"AWS Connection (conn_id='aws_default', conn_type='aws') credentials retrieved from login and password.","logger":"airflow.providers.amazon.aws.utils.connection_wrapper.AwsConnectionWrapper"}
{"timestamp":"2025-06-03T08:44:19.174388","level":"info","event":"SqsSensor checking for message on queue: data-processing-queue","logger":"airflow.task.operators.airflow.providers.amazon.aws.sensors.sqs.SqsSensor"}
{"timestamp":"2025-06-03T08:44:21.113563","level":"info","event":"Rescheduling task, marking task as UP_FOR_RESCHEDULE","logger":"task"}
{"timestamp":"2025-06-03T08:44:51.698000","level":"info","event":"DAG bundles loaded: dags-folder","logger":"airflow.dag_processing.bundles.manager.DagBundlesManager"}
{"timestamp":"2025-06-03T08:44:51.698607","level":"info","event":"Filling up the DagBag from /opt/airflow/dags/consumer_dag.py","logger":"airflow.models.dagbag.DagBag"}
{"timestamp":"2025-06-03T08:44:51.848486","level":"info","event":"Secrets backends loaded for worker","count":1,"backend_classes":["EnvironmentVariablesBackend"],"logger":"supervisor"}
{"timestamp":"2025-06-03T08:44:51.864581","level":"info","event":"Connection Retrieved 'aws_default'","logger":"airflow.hooks.base"}
{"timestamp":"2025-06-03T08:44:51.864981","level":"info","event":"AWS Connection (conn_id='aws_default', conn_type='aws') credentials retrieved from login and password.","logger":"airflow.providers.amazon.aws.utils.connection_wrapper.AwsConnectionWrapper"}
{"timestamp":"2025-06-03T08:44:52.557400","level":"info","event":"SqsSensor checking for message on queue: data-processing-queue","logger":"airflow.task.operators.airflow.providers.amazon.aws.sensors.sqs.SqsSensor"}
{"timestamp":"2025-06-03T08:44:53.637706","level":"info","event":"Received 2 messages","logger":"airflow.providers.amazon.aws.utils.sqs"}
{"timestamp":"2025-06-03T08:44:53.637945","level":"info","event":"Deleting 2 messages","logger":"airflow.task.operators.airflow.providers.amazon.aws.sensors.sqs.SqsSensor"}
{"timestamp":"2025-06-03T08:44:53.881682","level":"info","event":"Success criteria met. Exiting.","logger":"airflow.task.operators.airflow.providers.amazon.aws.sensors.sqs.SqsSensor"}
